\BOOKMARK [1][-]{section.1}{\376\377\000D\000e\000s\000i\000g\000n\000\040\000C\000h\000o\000i\000c\000e\000s}{}% 1
\BOOKMARK [2][-]{subsection.1.1}{\376\377\000F\000r\000o\000n\000t\000e\000n\000d}{section.1}% 2
\BOOKMARK [2][-]{subsection.1.2}{\376\377\000B\000a\000c\000k\000e\000n\000d}{section.1}% 3
\BOOKMARK [2][-]{subsection.1.3}{\376\377\000C\000o\000m\000m\000u\000n\000i\000c\000a\000t\000i\000o\000n\000\040\000b\000e\000t\000w\000e\000e\000n\000\040\000F\000r\000o\000n\000t\000e\000n\000d\000\040\000a\000n\000d\000\040\000B\000a\000c\000k\000e\000n\000d}{section.1}% 4
\BOOKMARK [1][-]{section.2}{\376\377\000P\000l\000o\000t\000s}{}% 5
\BOOKMARK [2][-]{subsection.2.1}{\376\377\000C\000P\000U\000\040\000u\000s\000a\000g\000e\000\040\000b\000y\000\040\000P\000r\000o\000c\000e\000s\000s}{section.2}% 6
\BOOKMARK [2][-]{subsection.2.2}{\376\377\000C\000P\000U\000-\000U\000s\000a\000g\000e\000\040\000S\000t\000r\000e\000a\000m}{section.2}% 7
\BOOKMARK [3][-]{subsubsection.2.2.1}{\376\377\000F\000r\000o\000n\000t\000e\000n\000d\000\040\000I\000m\000p\000l\000e\000m\000e\000n\000t\000a\000t\000i\000o\000n}{subsection.2.2}% 8
\BOOKMARK [3][-]{subsubsection.2.2.2}{\376\377\000B\000a\000c\000k\000e\000n\000d\000\040\000I\000m\000p\000l\000e\000m\000e\000n\000t\000a\000t\000i\000o\000n}{subsection.2.2}% 9
\BOOKMARK [3][-]{subsubsection.2.2.3}{\376\377\000D\000a\000t\000a\000\040\000u\000s\000e\000d\000\040\000f\000o\000r\000\040\000t\000h\000e\000\040\000p\000l\000o\000t}{subsection.2.2}% 10
\BOOKMARK [3][-]{subsubsection.2.2.4}{\376\377\000C\000h\000a\000l\000l\000e\000n\000g\000e\000s\000\040\000f\000a\000c\000e\000d}{subsection.2.2}% 11
\BOOKMARK [3][-]{subsubsection.2.2.5}{\376\377\000U\000s\000e\000s\000\040\000o\000f\000\040\000t\000h\000e\000\040\000p\000l\000o\000t}{subsection.2.2}% 12
\BOOKMARK [2][-]{subsection.2.3}{\376\377\000C\000P\000U\000\040\000C\000o\000r\000e\000\040\000U\000t\000i\000l\000i\000z\000a\000t\000i\000o\000n}{section.2}% 13
\BOOKMARK [3][-]{subsubsection.2.3.1}{\376\377\000F\000r\000o\000n\000t\000e\000n\000d\000\040\000I\000m\000p\000l\000e\000m\000e\000n\000t\000a\000t\000i\000o\000n}{subsection.2.3}% 14
\BOOKMARK [3][-]{subsubsection.2.3.2}{\376\377\000B\000a\000c\000k\000e\000n\000d\000\040\000I\000m\000p\000l\000e\000m\000e\000n\000t\000a\000t\000i\000o\000n}{subsection.2.3}% 15
\BOOKMARK [3][-]{subsubsection.2.3.3}{\376\377\000D\000a\000t\000a\000\040\000u\000s\000e\000d\000\040\000f\000o\000r\000\040\000t\000h\000e\000\040\000p\000l\000o\000t}{subsection.2.3}% 16
\BOOKMARK [3][-]{subsubsection.2.3.4}{\376\377\000C\000h\000a\000l\000l\000e\000n\000g\000e\000s\000\040\000f\000a\000c\000e\000d}{subsection.2.3}% 17
\BOOKMARK [3][-]{subsubsection.2.3.5}{\376\377\000U\000s\000e\000s\000\040\000o\000f\000\040\000t\000h\000e\000\040\000p\000l\000o\000t}{subsection.2.3}% 18
\BOOKMARK [2][-]{subsection.2.4}{\376\377\000D\000y\000n\000a\000m\000i\000c\000\040\000C\000o\000r\000e\000\040\000M\000i\000g\000r\000a\000t\000i\000o\000n}{section.2}% 19
\BOOKMARK [3][-]{subsubsection.2.4.1}{\376\377\000F\000r\000o\000n\000t\000e\000n\000d\000\040\000I\000m\000p\000l\000e\000m\000e\000n\000t\000a\000t\000i\000o\000n}{subsection.2.4}% 20
\BOOKMARK [3][-]{subsubsection.2.4.2}{\376\377\000B\000a\000c\000k\000e\000n\000d\000\040\000I\000m\000p\000l\000e\000m\000e\000n\000t\000a\000t\000i\000o\000n}{subsection.2.4}% 21
\BOOKMARK [3][-]{subsubsection.2.4.3}{\376\377\000D\000a\000t\000a\000\040\000u\000s\000e\000d\000\040\000f\000o\000r\000\040\000t\000h\000e\000\040\000p\000l\000o\000t}{subsection.2.4}% 22
\BOOKMARK [3][-]{subsubsection.2.4.4}{\376\377\000C\000h\000a\000l\000l\000e\000n\000g\000e\000s\000\040\000f\000a\000c\000e\000d}{subsection.2.4}% 23
\BOOKMARK [3][-]{subsubsection.2.4.5}{\376\377\000U\000s\000e\000s\000\040\000o\000f\000\040\000t\000h\000e\000\040\000p\000l\000o\000t}{subsection.2.4}% 24
\BOOKMARK [2][-]{subsection.2.5}{\376\377\000D\000y\000n\000a\000m\000i\000c\000\040\000'\000P\000r\000o\000c\000e\000s\000s\000-\000S\000t\000a\000t\000e\000'\000\040\000T\000r\000a\000c\000k\000i\000n\000g}{section.2}% 25
\BOOKMARK [3][-]{subsubsection.2.5.1}{\376\377\000F\000r\000o\000n\000t\000e\000n\000d\000\040\000I\000m\000p\000l\000e\000m\000e\000n\000t\000a\000t\000i\000o\000n}{subsection.2.5}% 26
\BOOKMARK [3][-]{subsubsection.2.5.2}{\376\377\000B\000a\000c\000k\000e\000n\000d\000\040\000I\000m\000p\000l\000e\000m\000e\000n\000t\000a\000t\000i\000o\000n}{subsection.2.5}% 27
\BOOKMARK [3][-]{subsubsection.2.5.3}{\376\377\000D\000a\000t\000a\000\040\000u\000s\000e\000d\000\040\000f\000o\000r\000\040\000t\000h\000e\000\040\000p\000l\000o\000t}{subsection.2.5}% 28
\BOOKMARK [3][-]{subsubsection.2.5.4}{\376\377\000C\000h\000a\000l\000l\000e\000n\000g\000e\000s\000\040\000f\000a\000c\000e\000d}{subsection.2.5}% 29
\BOOKMARK [3][-]{subsubsection.2.5.5}{\376\377\000U\000s\000e\000s\000\040\000o\000f\000\040\000t\000h\000e\000\040\000p\000l\000o\000t}{subsection.2.5}% 30
\BOOKMARK [2][-]{subsection.2.6}{\376\377\000C\000F\000S\000\040\000-\000\040\000P\000r\000o\000c\000e\000s\000s\000\040\000S\000c\000h\000e\000d\000u\000l\000i\000n\000g\000\040\000T\000r\000e\000e}{section.2}% 31
\BOOKMARK [3][-]{subsubsection.2.6.1}{\376\377\000F\000r\000o\000n\000t\000e\000n\000d\000\040\000I\000m\000p\000l\000e\000m\000e\000n\000t\000a\000t\000i\000o\000n}{subsection.2.6}% 32
\BOOKMARK [3][-]{subsubsection.2.6.2}{\376\377\000B\000a\000c\000k\000e\000n\000d\000\040\000I\000m\000p\000l\000e\000m\000e\000n\000t\000a\000t\000i\000o\000n}{subsection.2.6}% 33
\BOOKMARK [3][-]{subsubsection.2.6.3}{\376\377\000D\000a\000t\000a\000\040\000u\000s\000e\000d\000\040\000f\000o\000r\000\040\000t\000h\000e\000\040\000p\000l\000o\000t}{subsection.2.6}% 34
\BOOKMARK [3][-]{subsubsection.2.6.4}{\376\377\000C\000h\000a\000l\000l\000e\000n\000g\000e\000s\000\040\000f\000a\000c\000e\000d}{subsection.2.6}% 35
\BOOKMARK [3][-]{subsubsection.2.6.5}{\376\377\000U\000s\000e\000s\000\040\000o\000f\000\040\000t\000h\000e\000\040\000p\000l\000o\000t}{subsection.2.6}% 36
